2018-08-22 15:40:36 -  - exec CUpdateClientPartner::__CollectRequestData
2018-08-22 15:40:36 -  - exec CUpdateClientPartner::GetHTTPPage
2018-08-22 15:40:37 -  - exec CUpdateClientPartner::ParseServerData
2018-08-22 15:40:37 -  - exec CUpdateClientPartner::GetUpdatesList
2018-08-22 15:40:37 -  - exec CUpdateClientPartner::__CollectRequestData
2018-08-22 15:40:37 -  - utf=Y&lang=ru&stable=Y&CANGZIP=Y&SUPD_DBS=MYSQL&XE=N&CLIENT_SITE=192.168.59.141&LICENSE_KEY=X&SUPD_STS=1&SUPD_URS=0&SUPD_URSA=1&TYPENC=D&CLIENT_PHPVER=7.1.17&NGINX=Y&dbv=5.7.21&instm=main%2C18.0.4%2CY%3Brest%2C18.0.4%2CN%3Bsale%2C17.8.22%2CN%3Bsubscribe%2C17.5.0%2CN%3Bidea%2C17.5.0%2CN%3Bforum%2C17.5.5%2CN%3Bui%2C17.6.4%2CN%3Bmail%2C17.5.7%2CN%3Bsearch%2C17.6.0%2CN%3Beshopapp%2C16.5.0%2CN%3Bscale%2C17.5.0%2CN%3Bcompression%2C16.0.0%2CN%3Bbizproc%2C18.0.1%2CN%3Biblock%2C17.6.8%2CN%3Badvertising%2C18.0.0%2CN%3Bsender%2C18.0.5%2CN%3Bphotogallery%2C17.0.2%2CN%3Btranslate%2C16.0.0%2CN%3Bsupport%2C16.0.0%2CN%3Blanding%2C18.4.21%2CN%3Bblog%2C17.6.1%2CN%3Bbitrix.sitecommunity%2C15.5.0%2CN%3Bconversion%2C17.5.0%2CN%3Bseo%2C18.1.0%2CN%3Bvote%2C17.5.1%2CN%3Bbitrix.siteinfoportal%2C15.5.0%2CN%3Bstoreassist%2C16.0.1%2CN%3Bform%2C18.0.0%2CN%3Breport%2C18.0.5%2CN%3Bworkflow%2C17.0.1%2CN%3Bfileman%2C18.0.2%2CN%3Bcurrency%2C18.0.0%2CN%3Blists%2C17.0.18%2CN%3Bmobileapp%2C18.0.0%2CN%3Bb24connector%2C18.0.0%2CN%3Bbitrix.sitepersonal%2C15.5.0%2CN%3Bpull%2C17.5.5%2CN%3Bcatalog%2C17.6.5%2CN%3Bstatistic%2C17.0.1%2CN%3Bmessageservice%2C18.0.0%2CN%3Bcalendar%2C17.5.14%2CN%3Bim%2C18.0.4%2CN%3Bbitrix.sitecorporate%2C15.5.0%2CN%3Bhighloadblock%2C17.5.1%2CN%3Bwiki%2C17.5.1%2CN%3Bldap%2C17.0.1%2CN%3Bsocialnetwork%2C17.7.1%2CN%3Blearning%2C17.5.0%2CN%3Bbizprocdesigner%2C18.0.0%2CN%3Bclouds%2C18.0.0%2CN%3Babtest%2C17.5.0%2CN%3Bbitrix.eshop%2C17.5.0%2CN%3Bsocialservices%2C18.0.0%2CN%3Bwebservice%2C17.0.0%2CN%3Bbitrixcloud%2C17.5.0%2CN%3Bperfmon%2C17.0.1%2CN%3Bsecurity%2C17.0.2%2CN&reqm=bitrix.sitecommunity%2Cbitrix.siteinfoportal%2Cbitrix.sitepersonal%2Cbitrix.sitecorporate%2Cbitrix.eshop&fullmoduleinfo=Y&SUPD_SRS=RU&SUPD_CMP=N
2018-08-22 15:40:37 -  - exec CUpdateClientPartner::GetHTTPPage
2018-08-22 15:40:38 -  - TIME GetUpdatesList(request) 0.85 sec
2018-08-22 15:40:38 -  - exec CUpdateClientPartner::ParseServerData
2018-08-22 15:40:38 -  - exec CUpdateClientPartner::__CollectRequestData
2018-08-22 15:40:38 -  - exec CUpdateClientPartner::GetHTTPPage
2018-08-22 15:40:39 -  - exec CUpdateClientPartner::ParseServerData
2018-08-28 15:59:17 -  - exec CUpdateClientPartner::__CollectRequestData
2018-08-28 15:59:18 -  - exec CUpdateClientPartner::GetHTTPPage
2018-08-28 15:59:19 -  - exec CUpdateClientPartner::ParseServerData
2018-08-28 15:59:19 -  - exec CUpdateClientPartner::GetUpdatesList
2018-08-28 15:59:19 -  - exec CUpdateClientPartner::__CollectRequestData
2018-08-28 15:59:19 -  - utf=Y&lang=ru&stable=Y&CANGZIP=Y&SUPD_DBS=MYSQL&XE=N&CLIENT_SITE=192.168.59.147&LICENSE_KEY=X&SUPD_STS=1&SUPD_URS=0&SUPD_URSA=1&TYPENC=D&CLIENT_PHPVER=7.1.17&NGINX=Y&dbv=5.7.21&instm=main%2C18.0.4%2CY%3Brest%2C18.0.4%2CN%3Bsale%2C17.8.22%2CN%3Bsubscribe%2C17.5.0%2CN%3Bidea%2C17.5.0%2CN%3Bforum%2C17.5.5%2CN%3Bui%2C17.6.4%2CN%3Bmail%2C17.5.7%2CN%3Bsearch%2C17.6.0%2CN%3Beshopapp%2C16.5.0%2CN%3Bscale%2C17.5.0%2CN%3Bcompression%2C16.0.0%2CN%3Bbizproc%2C18.0.1%2CN%3Biblock%2C17.6.8%2CN%3Badvertising%2C18.0.0%2CN%3Bsender%2C18.0.5%2CN%3Bphotogallery%2C17.0.2%2CN%3Btranslate%2C16.0.0%2CN%3Bsupport%2C16.0.0%2CN%3Blanding%2C18.4.21%2CN%3Bblog%2C17.6.1%2CN%3Bbitrix.sitecommunity%2C15.5.0%2CN%3Bconversion%2C17.5.0%2CN%3Bseo%2C18.1.0%2CN%3Bvote%2C17.5.1%2CN%3Bbitrix.siteinfoportal%2C15.5.0%2CN%3Bstoreassist%2C16.0.1%2CN%3Bform%2C18.0.0%2CN%3Breport%2C18.0.5%2CN%3Bworkflow%2C17.0.1%2CN%3Bfileman%2C18.0.2%2CN%3Bcurrency%2C18.0.0%2CN%3Blists%2C17.0.18%2CN%3Bmobileapp%2C18.0.0%2CN%3Bb24connector%2C18.0.0%2CN%3Bbitrix.sitepersonal%2C15.5.0%2CN%3Bpull%2C17.5.5%2CN%3Bcatalog%2C17.6.5%2CN%3Bstatistic%2C17.0.1%2CN%3Bmessageservice%2C18.0.0%2CN%3Bcalendar%2C17.5.14%2CN%3Bim%2C18.0.4%2CN%3Bbitrix.sitecorporate%2C15.5.0%2CN%3Bhighloadblock%2C17.5.1%2CN%3Bwiki%2C17.5.1%2CN%3Bldap%2C17.0.1%2CN%3Bsocialnetwork%2C17.7.1%2CN%3Blearning%2C17.5.0%2CN%3Bbizprocdesigner%2C18.0.0%2CN%3Bclouds%2C18.0.0%2CN%3Babtest%2C17.5.0%2CN%3Bbitrix.eshop%2C17.5.0%2CN%3Bsocialservices%2C18.0.0%2CN%3Bwebservice%2C17.0.0%2CN%3Bbitrixcloud%2C17.5.0%2CN%3Bperfmon%2C17.0.1%2CN%3Bsecurity%2C17.0.2%2CN&reqm=bitrix.sitecommunity%2Cbitrix.siteinfoportal%2Cbitrix.sitepersonal%2Cbitrix.sitecorporate%2Cbitrix.eshop&fullmoduleinfo=Y&SUPD_SRS=RU&SUPD_CMP=N
2018-08-28 15:59:19 -  - exec CUpdateClientPartner::GetHTTPPage
2018-08-28 15:59:19 -  - TIME GetUpdatesList(request) 0.501 sec
2018-08-28 15:59:19 -  - exec CUpdateClientPartner::ParseServerData
2018-08-28 15:59:19 -  - exec CUpdateClientPartner::__CollectRequestData
2018-08-28 15:59:19 -  - exec CUpdateClientPartner::GetHTTPPage
2018-08-28 15:59:20 -  - exec CUpdateClientPartner::ParseServerData
2018-08-29 16:12:40 -  - exec CUpdateClientPartner::__CollectRequestData
2018-08-29 16:12:41 -  - exec CUpdateClientPartner::GetHTTPPage
2018-08-29 16:12:44 -  - exec CUpdateClientPartner::ParseServerData
2018-08-29 16:12:44 -  - exec CUpdateClientPartner::GetUpdatesList
2018-08-29 16:12:44 -  - exec CUpdateClientPartner::__CollectRequestData
2018-08-29 16:12:44 -  - utf=Y&lang=ru&stable=Y&CANGZIP=Y&SUPD_DBS=MYSQL&XE=N&CLIENT_SITE=192.168.59.148&LICENSE_KEY=X&SUPD_STS=1&SUPD_URS=0&SUPD_URSA=1&TYPENC=D&CLIENT_PHPVER=7.1.17&NGINX=Y&dbv=5.7.21&instm=main%2C18.0.4%2CY%3Brest%2C18.0.4%2CN%3Bsale%2C17.8.22%2CN%3Bsubscribe%2C17.5.0%2CN%3Bidea%2C17.5.0%2CN%3Bforum%2C17.5.5%2CN%3Bui%2C17.6.4%2CN%3Bmail%2C17.5.7%2CN%3Bsearch%2C17.6.0%2CN%3Beshopapp%2C16.5.0%2CN%3Bscale%2C17.5.0%2CN%3Bcompression%2C16.0.0%2CN%3Bbizproc%2C18.0.1%2CN%3Biblock%2C17.6.8%2CN%3Badvertising%2C18.0.0%2CN%3Bsender%2C18.0.5%2CN%3Bphotogallery%2C17.0.2%2CN%3Btranslate%2C16.0.0%2CN%3Bsupport%2C16.0.0%2CN%3Blanding%2C18.4.21%2CN%3Bblog%2C17.6.1%2CN%3Bbitrix.sitecommunity%2C15.5.0%2CN%3Bconversion%2C17.5.0%2CN%3Bseo%2C18.1.0%2CN%3Bvote%2C17.5.1%2CN%3Bbitrix.siteinfoportal%2C15.5.0%2CN%3Bstoreassist%2C16.0.1%2CN%3Bform%2C18.0.0%2CN%3Breport%2C18.0.5%2CN%3Bworkflow%2C17.0.1%2CN%3Bfileman%2C18.0.2%2CN%3Bcurrency%2C18.0.0%2CN%3Blists%2C17.0.18%2CN%3Bmobileapp%2C18.0.0%2CN%3Bb24connector%2C18.0.0%2CN%3Bbitrix.sitepersonal%2C15.5.0%2CN%3Bpull%2C17.5.5%2CN%3Bcatalog%2C17.6.5%2CN%3Bstatistic%2C17.0.1%2CN%3Bmessageservice%2C18.0.0%2CN%3Bcalendar%2C17.5.14%2CN%3Bim%2C18.0.4%2CN%3Bbitrix.sitecorporate%2C15.5.0%2CN%3Bhighloadblock%2C17.5.1%2CN%3Bwiki%2C17.5.1%2CN%3Bldap%2C17.0.1%2CN%3Bsocialnetwork%2C17.7.1%2CN%3Blearning%2C17.5.0%2CN%3Bbizprocdesigner%2C18.0.0%2CN%3Bclouds%2C18.0.0%2CN%3Babtest%2C17.5.0%2CN%3Bbitrix.eshop%2C17.5.0%2CN%3Bsocialservices%2C18.0.0%2CN%3Bwebservice%2C17.0.0%2CN%3Bbitrixcloud%2C17.5.0%2CN%3Bperfmon%2C17.0.1%2CN%3Bsecurity%2C17.0.2%2CN&reqm=bitrix.sitecommunity%2Cbitrix.siteinfoportal%2Cbitrix.sitepersonal%2Cbitrix.sitecorporate%2Cbitrix.eshop&fullmoduleinfo=Y&SUPD_SRS=RU&SUPD_CMP=N
2018-08-29 16:12:44 -  - exec CUpdateClientPartner::GetHTTPPage
2018-08-29 16:12:44 -  - TIME GetUpdatesList(request) 0.466 sec
2018-08-29 16:12:44 -  - exec CUpdateClientPartner::ParseServerData
2018-08-29 16:12:44 -  - exec CUpdateClientPartner::__CollectRequestData
2018-08-29 16:12:44 -  - exec CUpdateClientPartner::GetHTTPPage
2018-08-29 16:12:44 -  - exec CUpdateClientPartner::ParseServerData
2018-08-30 18:58:33 -  - exec CUpdateClientPartner::__CollectRequestData
2018-08-30 18:58:33 -  - exec CUpdateClientPartner::GetHTTPPage
2018-08-30 18:58:33 -  - exec CUpdateClientPartner::ParseServerData
2018-08-30 18:58:33 -  - exec CUpdateClientPartner::GetUpdatesList
2018-08-30 18:58:33 -  - exec CUpdateClientPartner::__CollectRequestData
2018-08-30 18:58:33 -  - utf=Y&lang=ru&stable=Y&CANGZIP=Y&SUPD_DBS=MYSQL&XE=N&CLIENT_SITE=192.168.59.149&LICENSE_KEY=X&SUPD_STS=1&SUPD_URS=0&SUPD_URSA=1&TYPENC=D&CLIENT_PHPVER=7.1.17&NGINX=Y&dbv=5.7.21&instm=main%2C18.0.4%2CY%3Brest%2C18.0.4%2CN%3Bsale%2C17.8.22%2CN%3Bsubscribe%2C17.5.0%2CN%3Bidea%2C17.5.0%2CN%3Bforum%2C17.5.5%2CN%3Bui%2C17.6.4%2CN%3Bmail%2C17.5.7%2CN%3Bsearch%2C17.6.0%2CN%3Beshopapp%2C16.5.0%2CN%3Bscale%2C17.5.0%2CN%3Bcompression%2C16.0.0%2CN%3Bbizproc%2C18.0.1%2CN%3Biblock%2C17.6.8%2CN%3Badvertising%2C18.0.0%2CN%3Bsender%2C18.0.5%2CN%3Bphotogallery%2C17.0.2%2CN%3Btranslate%2C16.0.0%2CN%3Bsupport%2C16.0.0%2CN%3Blanding%2C18.4.21%2CN%3Bblog%2C17.6.1%2CN%3Bbitrix.sitecommunity%2C15.5.0%2CN%3Bconversion%2C17.5.0%2CN%3Bseo%2C18.1.0%2CN%3Bvote%2C17.5.1%2CN%3Bbitrix.siteinfoportal%2C15.5.0%2CN%3Bstoreassist%2C16.0.1%2CN%3Bform%2C18.0.0%2CN%3Breport%2C18.0.5%2CN%3Bworkflow%2C17.0.1%2CN%3Bfileman%2C18.0.2%2CN%3Bcurrency%2C18.0.0%2CN%3Blists%2C17.0.18%2CN%3Bmobileapp%2C18.0.0%2CN%3Bb24connector%2C18.0.0%2CN%3Bbitrix.sitepersonal%2C15.5.0%2CN%3Bpull%2C17.5.5%2CN%3Bcatalog%2C17.6.5%2CN%3Bstatistic%2C17.0.1%2CN%3Bmessageservice%2C18.0.0%2CN%3Bcalendar%2C17.5.14%2CN%3Bim%2C18.0.4%2CN%3Bbitrix.sitecorporate%2C15.5.0%2CN%3Bhighloadblock%2C17.5.1%2CN%3Bwiki%2C17.5.1%2CN%3Bldap%2C17.0.1%2CN%3Bsocialnetwork%2C17.7.1%2CN%3Blearning%2C17.5.0%2CN%3Bbizprocdesigner%2C18.0.0%2CN%3Bclouds%2C18.0.0%2CN%3Babtest%2C17.5.0%2CN%3Bbitrix.eshop%2C17.5.0%2CN%3Bsocialservices%2C18.0.0%2CN%3Bwebservice%2C17.0.0%2CN%3Bbitrixcloud%2C17.5.0%2CN%3Bperfmon%2C17.0.1%2CN%3Bsecurity%2C17.0.2%2CN&reqm=bitrix.sitecommunity%2Cbitrix.siteinfoportal%2Cbitrix.sitepersonal%2Cbitrix.sitecorporate%2Cbitrix.eshop&fullmoduleinfo=Y&SUPD_SRS=RU&SUPD_CMP=N
2018-08-30 18:58:33 -  - exec CUpdateClientPartner::GetHTTPPage
2018-08-30 18:58:34 -  - TIME GetUpdatesList(request) 0.409 sec
2018-08-30 18:58:34 -  - exec CUpdateClientPartner::ParseServerData
2018-08-30 18:58:34 -  - exec CUpdateClientPartner::__CollectRequestData
2018-08-30 18:58:34 -  - exec CUpdateClientPartner::GetHTTPPage
2018-08-30 18:58:34 -  - exec CUpdateClientPartner::ParseServerData
2018-09-01 08:26:12 -  - exec CUpdateClientPartner::__CollectRequestData
2018-09-01 08:26:12 -  - exec CUpdateClientPartner::GetHTTPPage
2018-09-01 08:26:14 -  - exec CUpdateClientPartner::ParseServerData
2018-09-01 08:26:14 -  - exec CUpdateClientPartner::GetUpdatesList
2018-09-01 08:26:14 -  - exec CUpdateClientPartner::__CollectRequestData
2018-09-01 08:26:14 -  - utf=Y&lang=ru&stable=Y&CANGZIP=Y&SUPD_DBS=MYSQL&XE=N&CLIENT_SITE=192.168.59.149&LICENSE_KEY=X&SUPD_STS=2&SUPD_URS=0&SUPD_URSA=1&TYPENC=D&CLIENT_PHPVER=7.1.17&NGINX=Y&dbv=5.7.21&instm=main%2C18.0.4%2CY%3Brest%2C18.0.4%2CN%3Bsale%2C17.8.22%2CN%3Bsubscribe%2C17.5.0%2CN%3Bidea%2C17.5.0%2CN%3Bforum%2C17.5.5%2CN%3Bui%2C17.6.4%2CN%3Bmail%2C17.5.7%2CN%3Bsearch%2C17.6.0%2CN%3Beshopapp%2C16.5.0%2CN%3Bscale%2C17.5.0%2CN%3Bcompression%2C16.0.0%2CN%3Bbizproc%2C18.0.1%2CN%3Biblock%2C17.6.8%2CN%3Badvertising%2C18.0.0%2CN%3Bsender%2C18.0.5%2CN%3Bphotogallery%2C17.0.2%2CN%3Btranslate%2C16.0.0%2CN%3Bsupport%2C16.0.0%2CN%3Blanding%2C18.4.21%2CN%3Bblog%2C17.6.1%2CN%3Bbitrix.sitecommunity%2C15.5.0%2CN%3Bconversion%2C17.5.0%2CN%3Bseo%2C18.1.0%2CN%3Bvote%2C17.5.1%2CN%3Bbitrix.siteinfoportal%2C15.5.0%2CN%3Bstoreassist%2C16.0.1%2CN%3Bform%2C18.0.0%2CN%3Breport%2C18.0.5%2CN%3Bworkflow%2C17.0.1%2CN%3Bfileman%2C18.0.2%2CN%3Bcurrency%2C18.0.0%2CN%3Blists%2C17.0.18%2CN%3Bmobileapp%2C18.0.0%2CN%3Bb24connector%2C18.0.0%2CN%3Bbitrix.sitepersonal%2C15.5.0%2CN%3Bpull%2C17.5.5%2CN%3Bcatalog%2C17.6.5%2CN%3Bstatistic%2C17.0.1%2CN%3Bmessageservice%2C18.0.0%2CN%3Bcalendar%2C17.5.14%2CN%3Bim%2C18.0.4%2CN%3Bbitrix.sitecorporate%2C15.5.0%2CN%3Bhighloadblock%2C17.5.1%2CN%3Bwiki%2C17.5.1%2CN%3Bldap%2C17.0.1%2CN%3Bsocialnetwork%2C17.7.1%2CN%3Blearning%2C17.5.0%2CN%3Bbizprocdesigner%2C18.0.0%2CN%3Bclouds%2C18.0.0%2CN%3Babtest%2C17.5.0%2CN%3Bbitrix.eshop%2C17.5.0%2CN%3Bsocialservices%2C18.0.0%2CN%3Bwebservice%2C17.0.0%2CN%3Bbitrixcloud%2C17.5.0%2CN%3Bperfmon%2C17.0.1%2CN%3Bsecurity%2C17.0.2%2CN&reqm=bitrix.sitecommunity%2Cbitrix.siteinfoportal%2Cbitrix.sitepersonal%2Cbitrix.sitecorporate%2Cbitrix.eshop&fullmoduleinfo=Y&SUPD_SRS=RU&SUPD_CMP=N
2018-09-01 08:26:14 -  - exec CUpdateClientPartner::GetHTTPPage
2018-09-01 08:26:15 -  - TIME GetUpdatesList(request) 0.501 sec
2018-09-01 08:26:15 -  - exec CUpdateClientPartner::ParseServerData
2018-09-01 08:26:15 -  - exec CUpdateClientPartner::__CollectRequestData
2018-09-01 08:26:15 -  - exec CUpdateClientPartner::GetHTTPPage
2018-09-01 08:26:15 -  - exec CUpdateClientPartner::ParseServerData
2018-09-02 13:07:11 -  - exec CUpdateClientPartner::__CollectRequestData
2018-09-02 13:07:11 -  - exec CUpdateClientPartner::GetHTTPPage
2018-09-02 13:07:13 -  - exec CUpdateClientPartner::ParseServerData
2018-09-02 13:07:13 -  - exec CUpdateClientPartner::GetUpdatesList
2018-09-02 13:07:13 -  - exec CUpdateClientPartner::__CollectRequestData
2018-09-02 13:07:13 -  - utf=Y&lang=ru&stable=Y&CANGZIP=Y&SUPD_DBS=MYSQL&XE=N&CLIENT_SITE=192.168.59.149&LICENSE_KEY=X&SUPD_STS=2&SUPD_URS=0&SUPD_URSA=1&TYPENC=D&CLIENT_PHPVER=7.1.17&NGINX=Y&dbv=5.7.21&instm=main%2C18.0.4%2CY%3Brest%2C18.0.4%2CN%3Bsale%2C17.8.22%2CN%3Bsubscribe%2C17.5.0%2CN%3Bidea%2C17.5.0%2CN%3Bforum%2C17.5.5%2CN%3Bui%2C17.6.4%2CN%3Bmail%2C17.5.7%2CN%3Bsearch%2C17.6.0%2CN%3Beshopapp%2C16.5.0%2CN%3Bscale%2C17.5.0%2CN%3Bcompression%2C16.0.0%2CN%3Bbizproc%2C18.0.1%2CN%3Biblock%2C17.6.8%2CN%3Badvertising%2C18.0.0%2CN%3Bsender%2C18.0.5%2CN%3Bphotogallery%2C17.0.2%2CN%3Btranslate%2C16.0.0%2CN%3Bsupport%2C16.0.0%2CN%3Blanding%2C18.4.21%2CN%3Bblog%2C17.6.1%2CN%3Bbitrix.sitecommunity%2C15.5.0%2CN%3Bconversion%2C17.5.0%2CN%3Bseo%2C18.1.0%2CN%3Bvote%2C17.5.1%2CN%3Bbitrix.siteinfoportal%2C15.5.0%2CN%3Bstoreassist%2C16.0.1%2CN%3Bform%2C18.0.0%2CN%3Breport%2C18.0.5%2CN%3Bworkflow%2C17.0.1%2CN%3Bfileman%2C18.0.2%2CN%3Bcurrency%2C18.0.0%2CN%3Blists%2C17.0.18%2CN%3Bmobileapp%2C18.0.0%2CN%3Bb24connector%2C18.0.0%2CN%3Bbitrix.sitepersonal%2C15.5.0%2CN%3Bpull%2C17.5.5%2CN%3Bcatalog%2C17.6.5%2CN%3Bstatistic%2C17.0.1%2CN%3Bmessageservice%2C18.0.0%2CN%3Bcalendar%2C17.5.14%2CN%3Bim%2C18.0.4%2CN%3Bbitrix.sitecorporate%2C15.5.0%2CN%3Bhighloadblock%2C17.5.1%2CN%3Bwiki%2C17.5.1%2CN%3Bldap%2C17.0.1%2CN%3Bsocialnetwork%2C17.7.1%2CN%3Blearning%2C17.5.0%2CN%3Bbizprocdesigner%2C18.0.0%2CN%3Bclouds%2C18.0.0%2CN%3Babtest%2C17.5.0%2CN%3Bbitrix.eshop%2C17.5.0%2CN%3Bsocialservices%2C18.0.0%2CN%3Bwebservice%2C17.0.0%2CN%3Bbitrixcloud%2C17.5.0%2CN%3Bperfmon%2C17.0.1%2CN%3Bsecurity%2C17.0.2%2CN&reqm=bitrix.sitecommunity%2Cbitrix.siteinfoportal%2Cbitrix.sitepersonal%2Cbitrix.sitecorporate%2Cbitrix.eshop&fullmoduleinfo=Y&SUPD_SRS=RU&SUPD_CMP=N
2018-09-02 13:07:13 -  - exec CUpdateClientPartner::GetHTTPPage
2018-09-02 13:07:14 -  - TIME GetUpdatesList(request) 0.496 sec
2018-09-02 13:07:14 -  - exec CUpdateClientPartner::ParseServerData
2018-09-02 13:07:14 -  - exec CUpdateClientPartner::__CollectRequestData
2018-09-02 13:07:14 -  - exec CUpdateClientPartner::GetHTTPPage
2018-09-02 13:07:14 -  - exec CUpdateClientPartner::ParseServerData
2018-09-03 13:25:25 -  - exec CUpdateClientPartner::__CollectRequestData
2018-09-03 13:25:25 -  - exec CUpdateClientPartner::GetHTTPPage
2018-09-03 13:25:28 -  - exec CUpdateClientPartner::ParseServerData
2018-09-03 13:25:28 -  - exec CUpdateClientPartner::GetUpdatesList
2018-09-03 13:25:28 -  - exec CUpdateClientPartner::__CollectRequestData
2018-09-03 13:25:28 -  - utf=Y&lang=ru&stable=Y&CANGZIP=Y&SUPD_DBS=MYSQL&XE=N&CLIENT_SITE=192.168.59.149&LICENSE_KEY=X&SUPD_STS=2&SUPD_URS=0&SUPD_URSA=1&TYPENC=D&CLIENT_PHPVER=7.1.17&NGINX=Y&dbv=5.7.21&instm=main%2C18.0.4%2CY%3Brest%2C18.0.4%2CN%3Bsale%2C17.8.22%2CN%3Bsubscribe%2C17.5.0%2CN%3Bidea%2C17.5.0%2CN%3Bforum%2C17.5.5%2CN%3Bui%2C17.6.4%2CN%3Bmail%2C17.5.7%2CN%3Bsearch%2C17.6.0%2CN%3Beshopapp%2C16.5.0%2CN%3Bscale%2C17.5.0%2CN%3Bcompression%2C16.0.0%2CN%3Bbizproc%2C18.0.1%2CN%3Biblock%2C17.6.8%2CN%3Badvertising%2C18.0.0%2CN%3Bsender%2C18.0.5%2CN%3Bphotogallery%2C17.0.2%2CN%3Btranslate%2C16.0.0%2CN%3Bsupport%2C16.0.0%2CN%3Blanding%2C18.4.21%2CN%3Bblog%2C17.6.1%2CN%3Bbitrix.sitecommunity%2C15.5.0%2CN%3Bconversion%2C17.5.0%2CN%3Bseo%2C18.1.0%2CN%3Bvote%2C17.5.1%2CN%3Bbitrix.siteinfoportal%2C15.5.0%2CN%3Bstoreassist%2C16.0.1%2CN%3Bform%2C18.0.0%2CN%3Breport%2C18.0.5%2CN%3Bworkflow%2C17.0.1%2CN%3Bfileman%2C18.0.2%2CN%3Bcurrency%2C18.0.0%2CN%3Blists%2C17.0.18%2CN%3Bmobileapp%2C18.0.0%2CN%3Bb24connector%2C18.0.0%2CN%3Bbitrix.sitepersonal%2C15.5.0%2CN%3Bpull%2C17.5.5%2CN%3Bcatalog%2C17.6.5%2CN%3Bstatistic%2C17.0.1%2CN%3Bmessageservice%2C18.0.0%2CN%3Bcalendar%2C17.5.14%2CN%3Bim%2C18.0.4%2CN%3Bbitrix.sitecorporate%2C15.5.0%2CN%3Bhighloadblock%2C17.5.1%2CN%3Bwiki%2C17.5.1%2CN%3Bldap%2C17.0.1%2CN%3Bsocialnetwork%2C17.7.1%2CN%3Blearning%2C17.5.0%2CN%3Bbizprocdesigner%2C18.0.0%2CN%3Bclouds%2C18.0.0%2CN%3Babtest%2C17.5.0%2CN%3Bbitrix.eshop%2C17.5.0%2CN%3Bsocialservices%2C18.0.0%2CN%3Bwebservice%2C17.0.0%2CN%3Bbitrixcloud%2C17.5.0%2CN%3Bperfmon%2C17.0.1%2CN%3Bsecurity%2C17.0.2%2CN&reqm=bitrix.sitecommunity%2Cbitrix.siteinfoportal%2Cbitrix.sitepersonal%2Cbitrix.sitecorporate%2Cbitrix.eshop&fullmoduleinfo=Y&SUPD_SRS=RU&SUPD_CMP=N
2018-09-03 13:25:28 -  - exec CUpdateClientPartner::GetHTTPPage
2018-09-03 13:25:28 -  - TIME GetUpdatesList(request) 0.505 sec
2018-09-03 13:25:28 -  - exec CUpdateClientPartner::ParseServerData
2018-09-03 13:25:28 -  - exec CUpdateClientPartner::__CollectRequestData
2018-09-03 13:25:28 -  - exec CUpdateClientPartner::GetHTTPPage
2018-09-03 13:25:29 -  - exec CUpdateClientPartner::ParseServerData
2018-09-04 13:30:03 -  - exec CUpdateClientPartner::__CollectRequestData
2018-09-04 13:30:03 -  - exec CUpdateClientPartner::GetHTTPPage
2018-09-04 13:30:04 -  - exec CUpdateClientPartner::ParseServerData
2018-09-04 13:30:04 -  - exec CUpdateClientPartner::GetUpdatesList
2018-09-04 13:30:04 -  - exec CUpdateClientPartner::__CollectRequestData
2018-09-04 13:30:04 -  - utf=Y&lang=ru&stable=Y&CANGZIP=Y&SUPD_DBS=MYSQL&XE=N&CLIENT_SITE=192.168.59.149&LICENSE_KEY=X&SUPD_STS=2&SUPD_URS=0&SUPD_URSA=1&TYPENC=D&CLIENT_PHPVER=7.1.17&NGINX=Y&dbv=5.7.21&instm=main%2C18.0.4%2CY%3Brest%2C18.0.4%2CN%3Bsale%2C17.8.22%2CN%3Bsubscribe%2C17.5.0%2CN%3Bidea%2C17.5.0%2CN%3Bforum%2C17.5.5%2CN%3Bui%2C17.6.4%2CN%3Bmail%2C17.5.7%2CN%3Bsearch%2C17.6.0%2CN%3Beshopapp%2C16.5.0%2CN%3Bscale%2C17.5.0%2CN%3Bcompression%2C16.0.0%2CN%3Bbizproc%2C18.0.1%2CN%3Biblock%2C17.6.8%2CN%3Badvertising%2C18.0.0%2CN%3Bsender%2C18.0.5%2CN%3Bphotogallery%2C17.0.2%2CN%3Btranslate%2C16.0.0%2CN%3Bsupport%2C16.0.0%2CN%3Blanding%2C18.4.21%2CN%3Bblog%2C17.6.1%2CN%3Bbitrix.sitecommunity%2C15.5.0%2CN%3Bconversion%2C17.5.0%2CN%3Bseo%2C18.1.0%2CN%3Bvote%2C17.5.1%2CN%3Bbitrix.siteinfoportal%2C15.5.0%2CN%3Bstoreassist%2C16.0.1%2CN%3Bform%2C18.0.0%2CN%3Breport%2C18.0.5%2CN%3Bworkflow%2C17.0.1%2CN%3Bfileman%2C18.0.2%2CN%3Bcurrency%2C18.0.0%2CN%3Blists%2C17.0.18%2CN%3Bmobileapp%2C18.0.0%2CN%3Bb24connector%2C18.0.0%2CN%3Bbitrix.sitepersonal%2C15.5.0%2CN%3Bpull%2C17.5.5%2CN%3Bcatalog%2C17.6.5%2CN%3Bstatistic%2C17.0.1%2CN%3Bmessageservice%2C18.0.0%2CN%3Bcalendar%2C17.5.14%2CN%3Bim%2C18.0.4%2CN%3Bbitrix.sitecorporate%2C15.5.0%2CN%3Bhighloadblock%2C17.5.1%2CN%3Bwiki%2C17.5.1%2CN%3Bldap%2C17.0.1%2CN%3Bsocialnetwork%2C17.7.1%2CN%3Blearning%2C17.5.0%2CN%3Bbizprocdesigner%2C18.0.0%2CN%3Bclouds%2C18.0.0%2CN%3Babtest%2C17.5.0%2CN%3Bbitrix.eshop%2C17.5.0%2CN%3Bsocialservices%2C18.0.0%2CN%3Bwebservice%2C17.0.0%2CN%3Bbitrixcloud%2C17.5.0%2CN%3Bperfmon%2C17.0.1%2CN%3Bsecurity%2C17.0.2%2CN&reqm=bitrix.sitecommunity%2Cbitrix.siteinfoportal%2Cbitrix.sitepersonal%2Cbitrix.sitecorporate%2Cbitrix.eshop&fullmoduleinfo=Y&SUPD_SRS=RU&SUPD_CMP=N
2018-09-04 13:30:04 -  - exec CUpdateClientPartner::GetHTTPPage
2018-09-04 13:30:05 -  - TIME GetUpdatesList(request) 0.992 sec
2018-09-04 13:30:05 -  - exec CUpdateClientPartner::ParseServerData
2018-09-04 13:30:05 -  - exec CUpdateClientPartner::__CollectRequestData
2018-09-04 13:30:05 -  - exec CUpdateClientPartner::GetHTTPPage
2018-09-04 13:30:06 -  - exec CUpdateClientPartner::ParseServerData
2018-09-06 11:12:21 -  - exec CUpdateClientPartner::__CollectRequestData
2018-09-06 11:12:21 -  - exec CUpdateClientPartner::GetHTTPPage
2018-09-06 11:12:22 -  - exec CUpdateClientPartner::ParseServerData
2018-09-06 11:12:22 -  - exec CUpdateClientPartner::GetUpdatesList
2018-09-06 11:12:22 -  - exec CUpdateClientPartner::__CollectRequestData
2018-09-06 11:12:22 -  - utf=Y&lang=ru&stable=Y&CANGZIP=Y&SUPD_DBS=MYSQL&XE=N&CLIENT_SITE=192.168.59.149&LICENSE_KEY=X&SUPD_STS=2&SUPD_URS=0&SUPD_URSA=1&TYPENC=D&CLIENT_PHPVER=7.1.17&NGINX=Y&dbv=5.7.21&instm=main%2C18.0.4%2CY%3Brest%2C18.0.4%2CN%3Bsale%2C17.8.22%2CN%3Bsubscribe%2C17.5.0%2CN%3Bidea%2C17.5.0%2CN%3Bforum%2C17.5.5%2CN%3Bui%2C17.6.4%2CN%3Bmail%2C17.5.7%2CN%3Bsearch%2C17.6.0%2CN%3Beshopapp%2C16.5.0%2CN%3Bscale%2C17.5.0%2CN%3Bcompression%2C16.0.0%2CN%3Bbizproc%2C18.0.1%2CN%3Biblock%2C17.6.8%2CN%3Badvertising%2C18.0.0%2CN%3Bsender%2C18.0.5%2CN%3Bphotogallery%2C17.0.2%2CN%3Btranslate%2C16.0.0%2CN%3Bsupport%2C16.0.0%2CN%3Blanding%2C18.4.21%2CN%3Bblog%2C17.6.1%2CN%3Bbitrix.sitecommunity%2C15.5.0%2CN%3Bconversion%2C17.5.0%2CN%3Bseo%2C18.1.0%2CN%3Bvote%2C17.5.1%2CN%3Bbitrix.siteinfoportal%2C15.5.0%2CN%3Bstoreassist%2C16.0.1%2CN%3Bform%2C18.0.0%2CN%3Breport%2C18.0.5%2CN%3Bworkflow%2C17.0.1%2CN%3Bfileman%2C18.0.2%2CN%3Bcurrency%2C18.0.0%2CN%3Blists%2C17.0.18%2CN%3Bmobileapp%2C18.0.0%2CN%3Bb24connector%2C18.0.0%2CN%3Bbitrix.sitepersonal%2C15.5.0%2CN%3Bpull%2C17.5.5%2CN%3Bcatalog%2C17.6.5%2CN%3Bstatistic%2C17.0.1%2CN%3Bmessageservice%2C18.0.0%2CN%3Bcalendar%2C17.5.14%2CN%3Bim%2C18.0.4%2CN%3Bbitrix.sitecorporate%2C15.5.0%2CN%3Bhighloadblock%2C17.5.1%2CN%3Bwiki%2C17.5.1%2CN%3Bldap%2C17.0.1%2CN%3Bsocialnetwork%2C17.7.1%2CN%3Blearning%2C17.5.0%2CN%3Bbizprocdesigner%2C18.0.0%2CN%3Bclouds%2C18.0.0%2CN%3Babtest%2C17.5.0%2CN%3Bbitrix.eshop%2C17.5.0%2CN%3Bsocialservices%2C18.0.0%2CN%3Bwebservice%2C17.0.0%2CN%3Bbitrixcloud%2C17.5.0%2CN%3Bperfmon%2C17.0.1%2CN%3Bsecurity%2C17.0.2%2CN&reqm=bitrix.sitecommunity%2Cbitrix.siteinfoportal%2Cbitrix.sitepersonal%2Cbitrix.sitecorporate%2Cbitrix.eshop&fullmoduleinfo=Y&SUPD_SRS=RU&SUPD_CMP=N
2018-09-06 11:12:22 -  - exec CUpdateClientPartner::GetHTTPPage
2018-09-06 11:12:23 -  - TIME GetUpdatesList(request) 0.616 sec
2018-09-06 11:12:23 -  - exec CUpdateClientPartner::ParseServerData
2018-09-06 11:12:23 -  - exec CUpdateClientPartner::__CollectRequestData
2018-09-06 11:12:23 -  - exec CUpdateClientPartner::GetHTTPPage
2018-09-06 11:12:23 -  - exec CUpdateClientPartner::ParseServerData
2018-09-07 16:38:13 -  - exec CUpdateClientPartner::__CollectRequestData
2018-09-07 16:38:13 -  - exec CUpdateClientPartner::GetHTTPPage
2018-09-07 16:38:17 - ERRCONN - Error connecting 2 www.bitrixsoft.com: [113] No route to host
2018-09-07 16:38:17 -  - exec CUpdateClientPartner::GetUpdatesList
2018-09-07 16:38:17 -  - exec CUpdateClientPartner::__CollectRequestData
2018-09-07 16:38:17 -  - utf=Y&lang=ru&stable=Y&CANGZIP=Y&SUPD_DBS=MYSQL&XE=N&CLIENT_SITE=192.168.59.149&LICENSE_KEY=X&SUPD_STS=1&SUPD_URS=0&SUPD_URSA=1&TYPENC=D&CLIENT_PHPVER=7.1.17&NGINX=Y&dbv=5.7.21&instm=main%2C18.0.4%2CY%3Brest%2C18.0.4%2CN%3Bsale%2C17.8.22%2CN%3Bsubscribe%2C17.5.0%2CN%3Bidea%2C17.5.0%2CN%3Bforum%2C17.5.5%2CN%3Bui%2C17.6.4%2CN%3Bmail%2C17.5.7%2CN%3Bsearch%2C17.6.0%2CN%3Beshopapp%2C16.5.0%2CN%3Bscale%2C17.5.0%2CN%3Bcompression%2C16.0.0%2CN%3Bbizproc%2C18.0.1%2CN%3Biblock%2C17.6.8%2CN%3Badvertising%2C18.0.0%2CN%3Bsender%2C18.0.5%2CN%3Bphotogallery%2C17.0.2%2CN%3Btranslate%2C16.0.0%2CN%3Bsupport%2C16.0.0%2CN%3Blanding%2C18.4.21%2CN%3Bblog%2C17.6.1%2CN%3Bbitrix.sitecommunity%2C15.5.0%2CN%3Bconversion%2C17.5.0%2CN%3Bseo%2C18.1.0%2CN%3Bvote%2C17.5.1%2CN%3Bbitrix.siteinfoportal%2C15.5.0%2CN%3Bstoreassist%2C16.0.1%2CN%3Bform%2C18.0.0%2CN%3Breport%2C18.0.5%2CN%3Bworkflow%2C17.0.1%2CN%3Bfileman%2C18.0.2%2CN%3Bcurrency%2C18.0.0%2CN%3Blists%2C17.0.18%2CN%3Bmobileapp%2C18.0.0%2CN%3Bb24connector%2C18.0.0%2CN%3Bbitrix.sitepersonal%2C15.5.0%2CN%3Bpull%2C17.5.5%2CN%3Bcatalog%2C17.6.5%2CN%3Bstatistic%2C17.0.1%2CN%3Bmessageservice%2C18.0.0%2CN%3Bcalendar%2C17.5.14%2CN%3Bim%2C18.0.4%2CN%3Bbitrix.sitecorporate%2C15.5.0%2CN%3Bhighloadblock%2C17.5.1%2CN%3Bwiki%2C17.5.1%2CN%3Bldap%2C17.0.1%2CN%3Bsocialnetwork%2C17.7.1%2CN%3Blearning%2C17.5.0%2CN%3Bbizprocdesigner%2C18.0.0%2CN%3Bclouds%2C18.0.0%2CN%3Babtest%2C17.5.0%2CN%3Bbitrix.eshop%2C17.5.0%2CN%3Bsocialservices%2C18.0.0%2CN%3Bwebservice%2C17.0.0%2CN%3Bbitrixcloud%2C17.5.0%2CN%3Bperfmon%2C17.0.1%2CN%3Bsecurity%2C17.0.2%2CN&reqm=bitrix.sitecommunity%2Cbitrix.siteinfoportal%2Cbitrix.sitepersonal%2Cbitrix.sitecorporate%2Cbitrix.eshop&fullmoduleinfo=Y&SUPD_SRS=RU&SUPD_CMP=N
2018-09-07 16:38:17 -  - exec CUpdateClientPartner::GetHTTPPage
2018-09-07 16:38:20 - ERRCONN - Error connecting 2 www.bitrixsoft.com: [113] No route to host
2018-09-07 16:38:20 -  - TIME GetUpdatesList(request) 3.001 sec
2018-09-07 16:38:20 - GUL02 - Ошибка соединения с сервером обновлений: [113] No route to host. 
2018-09-07 16:38:20 -  - exec CUpdateClientPartner::__CollectRequestData
2018-09-07 16:38:20 -  - exec CUpdateClientPartner::GetHTTPPage
2018-09-07 16:38:23 - ERRCONN - Error connecting 2 www.bitrixsoft.com: [113] No route to host
2018-09-09 18:28:19 -  - exec CUpdateClientPartner::__CollectRequestData
2018-09-09 18:28:19 -  - exec CUpdateClientPartner::GetHTTPPage
2018-09-09 18:28:20 -  - exec CUpdateClientPartner::ParseServerData
2018-09-09 18:28:20 -  - exec CUpdateClientPartner::GetUpdatesList
2018-09-09 18:28:20 -  - exec CUpdateClientPartner::__CollectRequestData
2018-09-09 18:28:20 -  - utf=Y&lang=ru&stable=Y&CANGZIP=Y&SUPD_DBS=MYSQL&XE=N&CLIENT_SITE=192.168.59.151&LICENSE_KEY=X&SUPD_STS=1&SUPD_URS=0&SUPD_URSA=1&TYPENC=D&CLIENT_PHPVER=7.1.17&NGINX=Y&dbv=5.7.21&instm=main%2C18.0.4%2CY%3Brest%2C18.0.4%2CN%3Bsale%2C17.8.22%2CN%3Bsubscribe%2C17.5.0%2CN%3Bidea%2C17.5.0%2CN%3Bforum%2C17.5.5%2CN%3Bui%2C17.6.4%2CN%3Bmail%2C17.5.7%2CN%3Bsearch%2C17.6.0%2CN%3Beshopapp%2C16.5.0%2CN%3Bscale%2C17.5.0%2CN%3Bcompression%2C16.0.0%2CN%3Bbizproc%2C18.0.1%2CN%3Biblock%2C17.6.8%2CN%3Badvertising%2C18.0.0%2CN%3Bsender%2C18.0.5%2CN%3Bphotogallery%2C17.0.2%2CN%3Btranslate%2C16.0.0%2CN%3Bsupport%2C16.0.0%2CN%3Blanding%2C18.4.21%2CN%3Bblog%2C17.6.1%2CN%3Bbitrix.sitecommunity%2C15.5.0%2CN%3Bconversion%2C17.5.0%2CN%3Bseo%2C18.1.0%2CN%3Bvote%2C17.5.1%2CN%3Bbitrix.siteinfoportal%2C15.5.0%2CN%3Bstoreassist%2C16.0.1%2CN%3Bform%2C18.0.0%2CN%3Breport%2C18.0.5%2CN%3Bworkflow%2C17.0.1%2CN%3Bfileman%2C18.0.2%2CN%3Bcurrency%2C18.0.0%2CN%3Blists%2C17.0.18%2CN%3Bmobileapp%2C18.0.0%2CN%3Bb24connector%2C18.0.0%2CN%3Bbitrix.sitepersonal%2C15.5.0%2CN%3Bpull%2C17.5.5%2CN%3Bcatalog%2C17.6.5%2CN%3Bstatistic%2C17.0.1%2CN%3Bmessageservice%2C18.0.0%2CN%3Bcalendar%2C17.5.14%2CN%3Bim%2C18.0.4%2CN%3Bbitrix.sitecorporate%2C15.5.0%2CN%3Bhighloadblock%2C17.5.1%2CN%3Bwiki%2C17.5.1%2CN%3Bldap%2C17.0.1%2CN%3Bsocialnetwork%2C17.7.1%2CN%3Blearning%2C17.5.0%2CN%3Bbizprocdesigner%2C18.0.0%2CN%3Bclouds%2C18.0.0%2CN%3Babtest%2C17.5.0%2CN%3Bbitrix.eshop%2C17.5.0%2CN%3Bsocialservices%2C18.0.0%2CN%3Bwebservice%2C17.0.0%2CN%3Bbitrixcloud%2C17.5.0%2CN%3Bperfmon%2C17.0.1%2CN%3Bsecurity%2C17.0.2%2CN&reqm=bitrix.sitecommunity%2Cbitrix.siteinfoportal%2Cbitrix.sitepersonal%2Cbitrix.sitecorporate%2Cbitrix.eshop&fullmoduleinfo=Y&SUPD_SRS=RU&SUPD_CMP=N
2018-09-09 18:28:20 -  - exec CUpdateClientPartner::GetHTTPPage
2018-09-09 18:28:20 -  - TIME GetUpdatesList(request) 0.437 sec
2018-09-09 18:28:20 -  - exec CUpdateClientPartner::ParseServerData
2018-09-09 18:28:20 -  - exec CUpdateClientPartner::__CollectRequestData
2018-09-09 18:28:20 -  - exec CUpdateClientPartner::GetHTTPPage
2018-09-09 18:28:21 -  - exec CUpdateClientPartner::ParseServerData
